# JRE version: OpenJDK Runtime Environment Temurin-21.0.10+7 (21.0.10+7) (build 21.0.10+7-LTS)
# Java VM: OpenJDK 64-Bit Server VM Temurin-21.0.10+7 (21.0.10+7-LTS, mixed mode, sharing, tiered, compressed oops, compressed class ptrs, g1 gc, windows-amd64)
GC Precious Log:
 CardTable entry size: 512
 Card Set container configuration: InlinePtr #cards 4 size 8 Array Of Cards #cards 16 size 48 Howl #buckets 8 coarsen threshold 3686 Howl Bitmap #cards 512 size 80 coarsen threshold 460 Card regions per heap region 1 cards per card region 4096
 CPUs: 12 total, 12 available
 Memory: 11995M
 Large Page Support: Disabled
 NUMA Support: Disabled
 Compressed Oops: Enabled (Zero based)
 Heap Region Size: 2M
 Heap Min Capacity: 8M
 Heap Initial Capacity: 188M
 Heap Max Capacity: 3000M
 Pre-touch: Disabled
 Parallel Workers: 10
 Concurrent Workers: 3
 Concurrent Refinement Workers: 10
 Periodic GC: Disabled
Heap:
 garbage-first heap   total 75776K, used 46365K [0x0000000744800000, 0x0000000800000000)
  region size 2048K, 11 young (22528K), 3 survivors (6144K)
 Metaspace       used 77177K, committed 77888K, reserved 1179648K
  class space    used 10775K, committed 11072K, reserved 1048576K
GC Heap History (20 events):
Event: 1.442 GC heap before
{Heap before GC invocations=1 (full 0):
 garbage-first heap   total 192512K, used 26806K [0x0000000744800000, 0x0000000800000000)
  region size 2048K, 12 young (24576K), 2 survivors (4096K)
 Metaspace       used 10445K, committed 10816K, reserved 1114112K
  class space    used 1367K, committed 1536K, reserved 1048576K
}
Event: 1.450 GC heap after
{Heap after GC invocations=2 (full 0):
 garbage-first heap   total 192512K, used 10236K [0x0000000744800000, 0x0000000800000000)
  region size 2048K, 1 young (2048K), 1 survivors (2048K)
 Metaspace       used 10445K, committed 10816K, reserved 1114112K
  class space    used 1367K, committed 1536K, reserved 1048576K
}
Event: 2.507 GC heap before
{Heap before GC invocations=2 (full 0):
 garbage-first heap   total 192512K, used 53244K [0x0000000744800000, 0x0000000800000000)
  region size 2048K, 24 young (49152K), 1 survivors (2048K)
 Metaspace       used 21108K, committed 21568K, reserved 1114112K
  class space    used 2674K, committed 2880K, reserved 1048576K
}
Event: 2.514 GC heap after
{Heap after GC invocations=3 (full 0):
 garbage-first heap   total 192512K, used 14876K [0x0000000744800000, 0x0000000800000000)
  region size 2048K, 4 young (8192K), 4 survivors (8192K)
 Metaspace       used 21108K, committed 21568K, reserved 1114112K
  class space    used 2674K, committed 2880K, reserved 1048576K
}
Event: 3.973 GC heap before
{Heap before GC invocations=4 (full 0):
 garbage-first heap   total 61440K, used 57884K [0x0000000744800000, 0x0000000800000000)
  region size 2048K, 25 young (51200K), 4 survivors (8192K)
 Metaspace       used 28050K, committed 28544K, reserved 1114112K
  class space    used 3700K, committed 3904K, reserved 1048576K
}
Event: 3.985 GC heap after
{Heap after GC invocations=5 (full 0):
 garbage-first heap   total 71680K, used 18579K [0x0000000744800000, 0x0000000800000000)
  region size 2048K, 5 young (10240K), 5 survivors (10240K)
 Metaspace       used 28050K, committed 28544K, reserved 1114112K
  class space    used 3700K, committed 3904K, reserved 1048576K
}
Event: 5.095 GC heap before
{Heap before GC invocations=5 (full 0):
 garbage-first heap   total 71680K, used 49299K [0x0000000744800000, 0x0000000800000000)
  region size 2048K, 21 young (43008K), 5 survivors (10240K)
 Metaspace       used 35417K, committed 35968K, reserved 1114112K
  class space    used 4657K, committed 4928K, reserved 1048576K
}
Event: 5.108 GC heap after
{Heap after GC invocations=6 (full 0):
 garbage-first heap   total 71680K, used 21911K [0x0000000744800000, 0x0000000800000000)
  region size 2048K, 2 young (4096K), 2 survivors (4096K)
 Metaspace       used 35417K, committed 35968K, reserved 1114112K
  class space    used 4657K, committed 4928K, reserved 1048576K
}
Event: 5.147 GC heap before
{Heap before GC invocations=6 (full 0):
 garbage-first heap   total 71680K, used 21911K [0x0000000744800000, 0x0000000800000000)
  region size 2048K, 3 young (6144K), 2 survivors (4096K)
 Metaspace       used 35717K, committed 36288K, reserved 1114112K
  class space    used 4697K, committed 4992K, reserved 1048576K
}
Event: 5.155 GC heap after
{Heap after GC invocations=7 (full 0):
 garbage-first heap   total 86016K, used 21345K [0x0000000744800000, 0x0000000800000000)
  region size 2048K, 2 young (4096K), 2 survivors (4096K)
 Metaspace       used 35717K, committed 36288K, reserved 1114112K
  class space    used 4697K, committed 4992K, reserved 1048576K
}
Event: 6.728 GC heap before
{Heap before GC invocations=8 (full 0):
 garbage-first heap   total 75776K, used 62305K [0x0000000744800000, 0x0000000800000000)
  region size 2048K, 22 young (45056K), 2 survivors (4096K)
 Metaspace       used 46818K, committed 47424K, reserved 1114112K
  class space    used 6488K, committed 6784K, reserved 1048576K
}
Event: 6.734 GC heap after
{Heap after GC invocations=9 (full 0):
 garbage-first heap   total 75776K, used 24228K [0x0000000744800000, 0x0000000800000000)
  region size 2048K, 3 young (6144K), 3 survivors (6144K)
 Metaspace       used 46818K, committed 47424K, reserved 1114112K
  class space    used 6488K, committed 6784K, reserved 1048576K
}
Event: 7.571 GC heap before
{Heap before GC invocations=9 (full 0):
 garbage-first heap   total 75776K, used 61092K [0x0000000744800000, 0x0000000800000000)
  region size 2048K, 21 young (43008K), 3 survivors (6144K)
 Metaspace       used 56186K, committed 56832K, reserved 1114112K
  class space    used 7613K, committed 7872K, reserved 1048576K
}
Event: 7.589 GC heap after
{Heap after GC invocations=10 (full 0):
 garbage-first heap   total 75776K, used 26002K [0x0000000744800000, 0x0000000800000000)
  region size 2048K, 3 young (6144K), 3 survivors (6144K)
 Metaspace       used 56186K, committed 56832K, reserved 1114112K
  class space    used 7613K, committed 7872K, reserved 1048576K
}
Event: 7.885 GC heap before
{Heap before GC invocations=10 (full 0):
 garbage-first heap   total 75776K, used 32146K [0x0000000744800000, 0x0000000800000000)
  region size 2048K, 8 young (16384K), 3 survivors (6144K)
 Metaspace       used 60048K, committed 60608K, reserved 1114112K
  class space    used 8214K, committed 8448K, reserved 1048576K
}
Event: 7.892 GC heap after
{Heap after GC invocations=11 (full 0):
 garbage-first heap   total 75776K, used 26594K [0x0000000744800000, 0x0000000800000000)
  region size 2048K, 2 young (4096K), 2 survivors (4096K)
 Metaspace       used 60048K, committed 60608K, reserved 1114112K
  class space    used 8214K, committed 8448K, reserved 1048576K
}
Event: 8.935 GC heap before
{Heap before GC invocations=12 (full 0):
 garbage-first heap   total 75776K, used 63458K [0x0000000744800000, 0x0000000800000000)
  region size 2048K, 20 young (40960K), 2 survivors (4096K)
 Metaspace       used 67627K, committed 68224K, reserved 1114112K
  class space    used 9485K, committed 9728K, reserved 1048576K
}
Event: 8.940 GC heap after
{Heap after GC invocations=13 (full 0):
 garbage-first heap   total 75776K, used 28815K [0x0000000744800000, 0x0000000800000000)
  region size 2048K, 3 young (6144K), 3 survivors (6144K)
 Metaspace       used 67627K, committed 68224K, reserved 1114112K
  class space    used 9485K, committed 9728K, reserved 1048576K
}
Event: 9.817 GC heap before
{Heap before GC invocations=13 (full 0):
 garbage-first heap   total 75776K, used 63631K [0x0000000744800000, 0x0000000800000000)
  region size 2048K, 21 young (43008K), 3 survivors (6144K)
 Metaspace       used 73433K, committed 74112K, reserved 1114112K
  class space    used 10245K, committed 10560K, reserved 1048576K
}
Event: 9.823 GC heap after
{Heap after GC invocations=14 (full 0):
 garbage-first heap   total 75776K, used 32029K [0x0000000744800000, 0x0000000800000000)
  region size 2048K, 3 young (6144K), 3 survivors (6144K)
 Metaspace       used 73433K, committed 74112K, reserved 1114112K
  class space    used 10245K, committed 10560K, reserved 1048576K
}

