# JRE version: OpenJDK Runtime Environment Temurin-21.0.10+7 (21.0.10+7) (build 21.0.10+7-LTS)
# Java VM: OpenJDK 64-Bit Server VM Temurin-21.0.10+7 (21.0.10+7-LTS, mixed mode, sharing, tiered, compressed oops, compressed class ptrs, g1 gc, windows-amd64)
GC Precious Log:
 CardTable entry size: 512
 Card Set container configuration: InlinePtr #cards 4 size 8 Array Of Cards #cards 16 size 48 Howl #buckets 8 coarsen threshold 3686 Howl Bitmap #cards 512 size 80 coarsen threshold 460 Card regions per heap region 1 cards per card region 4096
 CPUs: 12 total, 12 available
 Memory: 11995M
 Large Page Support: Disabled
 NUMA Support: Disabled
 Compressed Oops: Enabled (Zero based)
 Heap Region Size: 2M
 Heap Min Capacity: 8M
 Heap Initial Capacity: 188M
 Heap Max Capacity: 3000M
 Pre-touch: Disabled
 Parallel Workers: 10
 Concurrent Workers: 3
 Concurrent Refinement Workers: 10
 Periodic GC: Disabled
Heap:
 garbage-first heap   total 77824K, used 39944K [0x0000000744800000, 0x0000000800000000)
  region size 2048K, 8 young (16384K), 3 survivors (6144K)
 Metaspace       used 74447K, committed 75264K, reserved 1114112K
  class space    used 10384K, committed 10752K, reserved 1048576K
GC Heap History (20 events):
Event: 1.441 GC heap before
{Heap before GC invocations=1 (full 0):
 garbage-first heap   total 192512K, used 30920K [0x0000000744800000, 0x0000000800000000)
  region size 2048K, 13 young (26624K), 2 survivors (4096K)
 Metaspace       used 11173K, committed 11520K, reserved 1114112K
  class space    used 1433K, committed 1600K, reserved 1048576K
}
Event: 1.448 GC heap after
{Heap after GC invocations=2 (full 0):
 garbage-first heap   total 192512K, used 10712K [0x0000000744800000, 0x0000000800000000)
  region size 2048K, 1 young (2048K), 1 survivors (2048K)
 Metaspace       used 11173K, committed 11520K, reserved 1114112K
  class space    used 1433K, committed 1600K, reserved 1048576K
}
Event: 2.188 GC heap before
{Heap before GC invocations=2 (full 0):
 garbage-first heap   total 192512K, used 49624K [0x0000000744800000, 0x0000000800000000)
  region size 2048K, 22 young (45056K), 1 survivors (2048K)
 Metaspace       used 21142K, committed 21504K, reserved 1114112K
  class space    used 2702K, committed 2880K, reserved 1048576K
}
Event: 2.196 GC heap after
{Heap after GC invocations=3 (full 0):
 garbage-first heap   total 192512K, used 15374K [0x0000000744800000, 0x0000000800000000)
  region size 2048K, 4 young (8192K), 4 survivors (8192K)
 Metaspace       used 21142K, committed 21504K, reserved 1114112K
  class space    used 2702K, committed 2880K, reserved 1048576K
}
Event: 3.453 GC heap before
{Heap before GC invocations=4 (full 0):
 garbage-first heap   total 61440K, used 56334K [0x0000000744800000, 0x0000000800000000)
  region size 2048K, 25 young (51200K), 4 survivors (8192K)
 Metaspace       used 27996K, committed 28480K, reserved 1114112K
  class space    used 3680K, committed 3904K, reserved 1048576K
}
Event: 3.467 GC heap after
{Heap after GC invocations=5 (full 0):
 garbage-first heap   total 71680K, used 18826K [0x0000000744800000, 0x0000000800000000)
  region size 2048K, 5 young (10240K), 5 survivors (10240K)
 Metaspace       used 27996K, committed 28480K, reserved 1114112K
  class space    used 3680K, committed 3904K, reserved 1048576K
}
Event: 4.464 GC heap before
{Heap before GC invocations=5 (full 0):
 garbage-first heap   total 71680K, used 51594K [0x0000000744800000, 0x0000000800000000)
  region size 2048K, 21 young (43008K), 5 survivors (10240K)
 Metaspace       used 35231K, committed 35904K, reserved 1114112K
  class space    used 4615K, committed 4928K, reserved 1048576K
}
Event: 4.472 GC heap after
{Heap after GC invocations=6 (full 0):
 garbage-first heap   total 86016K, used 22058K [0x0000000744800000, 0x0000000800000000)
  region size 2048K, 2 young (4096K), 2 survivors (4096K)
 Metaspace       used 35231K, committed 35904K, reserved 1114112K
  class space    used 4615K, committed 4928K, reserved 1048576K
}
Event: 4.500 GC heap before
{Heap before GC invocations=6 (full 0):
 garbage-first heap   total 86016K, used 22058K [0x0000000744800000, 0x0000000800000000)
  region size 2048K, 3 young (6144K), 2 survivors (4096K)
 Metaspace       used 35369K, committed 35968K, reserved 1114112K
  class space    used 4637K, committed 4928K, reserved 1048576K
}
Event: 4.505 GC heap after
{Heap after GC invocations=7 (full 0):
 garbage-first heap   total 86016K, used 21619K [0x0000000744800000, 0x0000000800000000)
  region size 2048K, 2 young (4096K), 2 survivors (4096K)
 Metaspace       used 35369K, committed 35968K, reserved 1114112K
  class space    used 4637K, committed 4928K, reserved 1048576K
}
Event: 5.861 GC heap before
{Heap before GC invocations=8 (full 0):
 garbage-first heap   total 75776K, used 60531K [0x0000000744800000, 0x0000000800000000)
  region size 2048K, 22 young (45056K), 2 survivors (4096K)
 Metaspace       used 46577K, committed 47168K, reserved 1114112K
  class space    used 6445K, committed 6720K, reserved 1048576K
}
Event: 5.867 GC heap after
{Heap after GC invocations=9 (full 0):
 garbage-first heap   total 75776K, used 24696K [0x0000000744800000, 0x0000000800000000)
  region size 2048K, 3 young (6144K), 3 survivors (6144K)
 Metaspace       used 46577K, committed 47168K, reserved 1114112K
  class space    used 6445K, committed 6720K, reserved 1048576K
}
Event: 6.630 GC heap before
{Heap before GC invocations=9 (full 0):
 garbage-first heap   total 75776K, used 61560K [0x0000000744800000, 0x0000000800000000)
  region size 2048K, 21 young (43008K), 3 survivors (6144K)
 Metaspace       used 55859K, committed 56448K, reserved 1114112K
  class space    used 7555K, committed 7808K, reserved 1048576K
}
Event: 6.639 GC heap after
{Heap after GC invocations=10 (full 0):
 garbage-first heap   total 75776K, used 26113K [0x0000000744800000, 0x0000000800000000)
  region size 2048K, 3 young (6144K), 3 survivors (6144K)
 Metaspace       used 55859K, committed 56448K, reserved 1114112K
  class space    used 7555K, committed 7808K, reserved 1048576K
}
Event: 6.872 GC heap before
{Heap before GC invocations=10 (full 0):
 garbage-first heap   total 75776K, used 32257K [0x0000000744800000, 0x0000000800000000)
  region size 2048K, 8 young (16384K), 3 survivors (6144K)
 Metaspace       used 59494K, committed 60096K, reserved 1114112K
  class space    used 8160K, committed 8448K, reserved 1048576K
}
Event: 6.882 GC heap after
{Heap after GC invocations=11 (full 0):
 garbage-first heap   total 75776K, used 26642K [0x0000000744800000, 0x0000000800000000)
  region size 2048K, 2 young (4096K), 2 survivors (4096K)
 Metaspace       used 59494K, committed 60096K, reserved 1114112K
  class space    used 8160K, committed 8448K, reserved 1048576K
}
Event: 8.020 GC heap before
{Heap before GC invocations=12 (full 0):
 garbage-first heap   total 75776K, used 63506K [0x0000000744800000, 0x0000000800000000)
  region size 2048K, 20 young (40960K), 2 survivors (4096K)
 Metaspace       used 67413K, committed 68096K, reserved 1114112K
  class space    used 9434K, committed 9728K, reserved 1048576K
}
Event: 8.025 GC heap after
{Heap after GC invocations=13 (full 0):
 garbage-first heap   total 75776K, used 28811K [0x0000000744800000, 0x0000000800000000)
  region size 2048K, 3 young (6144K), 3 survivors (6144K)
 Metaspace       used 67413K, committed 68096K, reserved 1114112K
  class space    used 9434K, committed 9728K, reserved 1048576K
}
Event: 8.979 GC heap before
{Heap before GC invocations=13 (full 0):
 garbage-first heap   total 75776K, used 65675K [0x0000000744800000, 0x0000000800000000)
  region size 2048K, 21 young (43008K), 3 survivors (6144K)
 Metaspace       used 73308K, committed 73984K, reserved 1114112K
  class space    used 10215K, committed 10496K, reserved 1048576K
}
Event: 8.988 GC heap after
{Heap after GC invocations=14 (full 0):
 garbage-first heap   total 77824K, used 31752K [0x0000000744800000, 0x0000000800000000)
  region size 2048K, 3 young (6144K), 3 survivors (6144K)
 Metaspace       used 73308K, committed 73984K, reserved 1114112K
  class space    used 10215K, committed 10496K, reserved 1048576K
}

