# JRE version: OpenJDK Runtime Environment Temurin-21.0.10+7 (21.0.10+7) (build 21.0.10+7-LTS)
# Java VM: OpenJDK 64-Bit Server VM Temurin-21.0.10+7 (21.0.10+7-LTS, mixed mode, sharing, tiered, compressed oops, compressed class ptrs, parallel gc, windows-amd64)
GC Precious Log:
 CardTable entry size: 512
 CPUs: 12 total, 12 available
 Memory: 11995M
 Large Page Support: Disabled
 NUMA Support: Disabled
 Compressed Oops: Enabled (32-bit)
 Alignments: Space 512K, Generation 512K, Heap 2M
 Heap Min Capacity: 100M
 Heap Initial Capacity: 100M
 Heap Max Capacity: 2G
 Pre-touch: Disabled
 Parallel Workers: 10
Heap:
 PSYoungGen      total 12288K, used 6540K [0x00000000d5580000, 0x00000000d6480000, 0x0000000100000000)
  eden space 11264K, 49% used [0x00000000d5580000,0x00000000d5afb298,0x00000000d6080000)
  from space 1024K, 90% used [0x00000000d6380000,0x00000000d6468000,0x00000000d6480000)
  to   space 1536K, 0% used [0x00000000d6180000,0x00000000d6180000,0x00000000d6300000)
 ParOldGen       total 181248K, used 181163K [0x0000000080000000, 0x000000008b100000, 0x00000000d5580000)
  object space 181248K, 99% used [0x0000000080000000,0x000000008b0eada0,0x000000008b100000)
 Metaspace       used 71332K, committed 72960K, reserved 1114112K
  class space    used 7426K, committed 8128K, reserved 1048576K
GC Heap History (20 events):
Event: 38.696 GC heap before
{Heap before GC invocations=238 (full 3):
 PSYoungGen      total 18432K, used 18016K [0x00000000d5580000, 0x00000000d6900000, 0x0000000100000000)
  eden space 16896K, 100% used [0x00000000d5580000,0x00000000d6600000,0x00000000d6600000)
  from space 1536K, 72% used [0x00000000d6780000,0x00000000d6898020,0x00000000d6900000)
  to   space 1536K, 0% used [0x00000000d6600000,0x00000000d6600000,0x00000000d6780000)
 ParOldGen       total 168448K, used 168027K [0x0000000080000000, 0x000000008a480000, 0x00000000d5580000)
  object space 168448K, 99% used [0x0000000080000000,0x000000008a416f10,0x000000008a480000)
 Metaspace       used 69641K, committed 71232K, reserved 1114112K
  class space    used 7246K, committed 7936K, reserved 1048576K
}
Event: 38.698 GC heap after
{Heap after GC invocations=238 (full 3):
 PSYoungGen      total 18432K, used 1343K [0x00000000d5580000, 0x00000000d6900000, 0x0000000100000000)
  eden space 16896K, 0% used [0x00000000d5580000,0x00000000d5580000,0x00000000d6600000)
  from space 1536K, 87% used [0x00000000d6600000,0x00000000d674ff80,0x00000000d6780000)
  to   space 1536K, 0% used [0x00000000d6780000,0x00000000d6780000,0x00000000d6900000)
 ParOldGen       total 168960K, used 168939K [0x0000000080000000, 0x000000008a500000, 0x00000000d5580000)
  object space 168960K, 99% used [0x0000000080000000,0x000000008a4faf30,0x000000008a500000)
 Metaspace       used 69641K, committed 71232K, reserved 1114112K
  class space    used 7246K, committed 7936K, reserved 1048576K
}
Event: 38.897 GC heap before
{Heap before GC invocations=239 (full 3):
 PSYoungGen      total 18432K, used 18239K [0x00000000d5580000, 0x00000000d6900000, 0x0000000100000000)
  eden space 16896K, 100% used [0x00000000d5580000,0x00000000d6600000,0x00000000d6600000)
  from space 1536K, 87% used [0x00000000d6600000,0x00000000d674ff80,0x00000000d6780000)
  to   space 1536K, 0% used [0x00000000d6780000,0x00000000d6780000,0x00000000d6900000)
 ParOldGen       total 168960K, used 168939K [0x0000000080000000, 0x000000008a500000, 0x00000000d5580000)
  object space 168960K, 99% used [0x0000000080000000,0x000000008a4faf30,0x000000008a500000)
 Metaspace       used 69769K, committed 71360K, reserved 1114112K
  class space    used 7253K, committed 7936K, reserved 1048576K
}
Event: 38.898 GC heap after
{Heap after GC invocations=239 (full 3):
 PSYoungGen      total 17920K, used 640K [0x00000000d5580000, 0x00000000d6880000, 0x0000000100000000)
  eden space 16896K, 0% used [0x00000000d5580000,0x00000000d5580000,0x00000000d6600000)
  from space 1024K, 62% used [0x00000000d6780000,0x00000000d6820010,0x00000000d6880000)
  to   space 1024K, 0% used [0x00000000d6680000,0x00000000d6680000,0x00000000d6780000)
 ParOldGen       total 169472K, used 169347K [0x0000000080000000, 0x000000008a580000, 0x00000000d5580000)
  object space 169472K, 99% used [0x0000000080000000,0x000000008a560f50,0x000000008a580000)
 Metaspace       used 69769K, committed 71360K, reserved 1114112K
  class space    used 7253K, committed 7936K, reserved 1048576K
}
Event: 41.582 GC heap before
{Heap before GC invocations=240 (full 3):
 PSYoungGen      total 17920K, used 17531K [0x00000000d5580000, 0x00000000d6880000, 0x0000000100000000)
  eden space 16896K, 99% used [0x00000000d5580000,0x00000000d65fee48,0x00000000d6600000)
  from space 1024K, 62% used [0x00000000d6780000,0x00000000d6820010,0x00000000d6880000)
  to   space 1024K, 0% used [0x00000000d6680000,0x00000000d6680000,0x00000000d6780000)
 ParOldGen       total 169472K, used 169347K [0x0000000080000000, 0x000000008a580000, 0x00000000d5580000)
  object space 169472K, 99% used [0x0000000080000000,0x000000008a560f50,0x000000008a580000)
 Metaspace       used 70122K, committed 71744K, reserved 1114112K
  class space    used 7289K, committed 8000K, reserved 1048576K
}
Event: 41.583 GC heap after
{Heap after GC invocations=240 (full 3):
 PSYoungGen      total 17920K, used 694K [0x00000000d5580000, 0x00000000d6800000, 0x0000000100000000)
  eden space 16896K, 0% used [0x00000000d5580000,0x00000000d5580000,0x00000000d6600000)
  from space 1024K, 67% used [0x00000000d6680000,0x00000000d672d8a0,0x00000000d6780000)
  to   space 512K, 0% used [0x00000000d6780000,0x00000000d6780000,0x00000000d6800000)
 ParOldGen       total 169984K, used 169797K [0x0000000080000000, 0x000000008a600000, 0x00000000d5580000)
  object space 169984K, 99% used [0x0000000080000000,0x000000008a5d1640,0x000000008a600000)
 Metaspace       used 70122K, committed 71744K, reserved 1114112K
  class space    used 7289K, committed 8000K, reserved 1048576K
}
Event: 41.921 GC heap before
{Heap before GC invocations=241 (full 3):
 PSYoungGen      total 17920K, used 17590K [0x00000000d5580000, 0x00000000d6800000, 0x0000000100000000)
  eden space 16896K, 100% used [0x00000000d5580000,0x00000000d6600000,0x00000000d6600000)
  from space 1024K, 67% used [0x00000000d6680000,0x00000000d672d8a0,0x00000000d6780000)
  to   space 512K, 0% used [0x00000000d6780000,0x00000000d6780000,0x00000000d6800000)
 ParOldGen       total 169984K, used 169797K [0x0000000080000000, 0x000000008a600000, 0x00000000d5580000)
  object space 169984K, 99% used [0x0000000080000000,0x000000008a5d1640,0x000000008a600000)
 Metaspace       used 70286K, committed 71872K, reserved 1114112K
  class space    used 7296K, committed 8000K, reserved 1048576K
}
Event: 41.922 GC heap after
{Heap after GC invocations=241 (full 3):
 PSYoungGen      total 11776K, used 501K [0x00000000d5580000, 0x00000000d7400000, 0x0000000100000000)
  eden space 11264K, 0% used [0x00000000d5580000,0x00000000d5580000,0x00000000d6080000)
  from space 512K, 97% used [0x00000000d6780000,0x00000000d67fd580,0x00000000d6800000)
  to   space 7168K, 0% used [0x00000000d6080000,0x00000000d6080000,0x00000000d6780000)
 ParOldGen       total 175616K, used 175456K [0x0000000080000000, 0x000000008ab80000, 0x00000000d5580000)
  object space 175616K, 99% used [0x0000000080000000,0x000000008ab582e0,0x000000008ab80000)
 Metaspace       used 70286K, committed 71872K, reserved 1114112K
  class space    used 7296K, committed 8000K, reserved 1048576K
}
Event: 42.077 GC heap before
{Heap before GC invocations=242 (full 3):
 PSYoungGen      total 11776K, used 11765K [0x00000000d5580000, 0x00000000d7400000, 0x0000000100000000)
  eden space 11264K, 100% used [0x00000000d5580000,0x00000000d6080000,0x00000000d6080000)
  from space 512K, 97% used [0x00000000d6780000,0x00000000d67fd580,0x00000000d6800000)
  to   space 7168K, 0% used [0x00000000d6080000,0x00000000d6080000,0x00000000d6780000)
 ParOldGen       total 175616K, used 175456K [0x0000000080000000, 0x000000008ab80000, 0x00000000d5580000)
  object space 175616K, 99% used [0x0000000080000000,0x000000008ab582e0,0x000000008ab80000)
 Metaspace       used 70519K, committed 72064K, reserved 1114112K
  class space    used 7322K, committed 8000K, reserved 1048576K
}
Event: 42.080 GC heap after
{Heap after GC invocations=242 (full 3):
 PSYoungGen      total 13312K, used 2048K [0x00000000d5580000, 0x00000000d6800000, 0x0000000100000000)
  eden space 11264K, 0% used [0x00000000d5580000,0x00000000d5580000,0x00000000d6080000)
  from space 2048K, 100% used [0x00000000d6080000,0x00000000d6280000,0x00000000d6280000)
  to   space 3584K, 0% used [0x00000000d6480000,0x00000000d6480000,0x00000000d6800000)
 ParOldGen       total 175616K, used 175576K [0x0000000080000000, 0x000000008ab80000, 0x00000000d5580000)
  object space 175616K, 99% used [0x0000000080000000,0x000000008ab762e0,0x000000008ab80000)
 Metaspace       used 70519K, committed 72064K, reserved 1114112K
  class space    used 7322K, committed 8000K, reserved 1048576K
}
Event: 42.204 GC heap before
{Heap before GC invocations=243 (full 3):
 PSYoungGen      total 13312K, used 13312K [0x00000000d5580000, 0x00000000d6800000, 0x0000000100000000)
  eden space 11264K, 100% used [0x00000000d5580000,0x00000000d6080000,0x00000000d6080000)
  from space 2048K, 100% used [0x00000000d6080000,0x00000000d6280000,0x00000000d6280000)
  to   space 3584K, 0% used [0x00000000d6480000,0x00000000d6480000,0x00000000d6800000)
 ParOldGen       total 175616K, used 175576K [0x0000000080000000, 0x000000008ab80000, 0x00000000d5580000)
  object space 175616K, 99% used [0x0000000080000000,0x000000008ab762e0,0x000000008ab80000)
 Metaspace       used 70524K, committed 72064K, reserved 1114112K
  class space    used 7322K, committed 8000K, reserved 1048576K
}
Event: 42.207 GC heap after
{Heap after GC invocations=243 (full 3):
 PSYoungGen      total 12800K, used 1472K [0x00000000d5580000, 0x00000000d6600000, 0x0000000100000000)
  eden space 11264K, 0% used [0x00000000d5580000,0x00000000d5580000,0x00000000d6080000)
  from space 1536K, 95% used [0x00000000d6480000,0x00000000d65f0000,0x00000000d6600000)
  to   space 2048K, 0% used [0x00000000d6200000,0x00000000d6200000,0x00000000d6400000)
 ParOldGen       total 177664K, used 177443K [0x0000000080000000, 0x000000008ad80000, 0x00000000d5580000)
  object space 177664K, 99% used [0x0000000080000000,0x000000008ad48d80,0x000000008ad80000)
 Metaspace       used 70524K, committed 72064K, reserved 1114112K
  class space    used 7322K, committed 8000K, reserved 1048576K
}
Event: 42.339 GC heap before
{Heap before GC invocations=244 (full 3):
 PSYoungGen      total 12800K, used 12736K [0x00000000d5580000, 0x00000000d6600000, 0x0000000100000000)
  eden space 11264K, 100% used [0x00000000d5580000,0x00000000d6080000,0x00000000d6080000)
  from space 1536K, 95% used [0x00000000d6480000,0x00000000d65f0000,0x00000000d6600000)
  to   space 2048K, 0% used [0x00000000d6200000,0x00000000d6200000,0x00000000d6400000)
 ParOldGen       total 177664K, used 177443K [0x0000000080000000, 0x000000008ad80000, 0x00000000d5580000)
  object space 177664K, 99% used [0x0000000080000000,0x000000008ad48d80,0x000000008ad80000)
 Metaspace       used 70527K, committed 72064K, reserved 1114112K
  class space    used 7322K, committed 8000K, reserved 1048576K
}
Event: 42.341 GC heap after
{Heap after GC invocations=244 (full 3):
 PSYoungGen      total 12800K, used 1152K [0x00000000d5580000, 0x00000000d6500000, 0x0000000100000000)
  eden space 11264K, 0% used [0x00000000d5580000,0x00000000d5580000,0x00000000d6080000)
  from space 1536K, 75% used [0x00000000d6200000,0x00000000d6320000,0x00000000d6380000)
  to   space 1536K, 0% used [0x00000000d6380000,0x00000000d6380000,0x00000000d6500000)
 ParOldGen       total 178688K, used 178675K [0x0000000080000000, 0x000000008ae80000, 0x00000000d5580000)
  object space 178688K, 99% used [0x0000000080000000,0x000000008ae7cd80,0x000000008ae80000)
 Metaspace       used 70527K, committed 72064K, reserved 1114112K
  class space    used 7322K, committed 8000K, reserved 1048576K
}
Event: 42.507 GC heap before
{Heap before GC invocations=245 (full 3):
 PSYoungGen      total 12800K, used 12404K [0x00000000d5580000, 0x00000000d6500000, 0x0000000100000000)
  eden space 11264K, 99% used [0x00000000d5580000,0x00000000d607d380,0x00000000d6080000)
  from space 1536K, 75% used [0x00000000d6200000,0x00000000d6320000,0x00000000d6380000)
  to   space 1536K, 0% used [0x00000000d6380000,0x00000000d6380000,0x00000000d6500000)
 ParOldGen       total 178688K, used 178675K [0x0000000080000000, 0x000000008ae80000, 0x00000000d5580000)
  object space 178688K, 99% used [0x0000000080000000,0x000000008ae7cd80,0x000000008ae80000)
 Metaspace       used 70530K, committed 72064K, reserved 1114112K
  class space    used 7322K, committed 8000K, reserved 1048576K
}
Event: 42.510 GC heap after
{Heap after GC invocations=245 (full 3):
 PSYoungGen      total 12288K, used 672K [0x00000000d5580000, 0x00000000d6480000, 0x0000000100000000)
  eden space 11264K, 0% used [0x00000000d5580000,0x00000000d5580000,0x00000000d6080000)
  from space 1024K, 65% used [0x00000000d6380000,0x00000000d6428000,0x00000000d6480000)
  to   space 1024K, 0% used [0x00000000d6280000,0x00000000d6280000,0x00000000d6380000)
 ParOldGen       total 179712K, used 179643K [0x0000000080000000, 0x000000008af80000, 0x00000000d5580000)
  object space 179712K, 99% used [0x0000000080000000,0x000000008af6ed80,0x000000008af80000)
 Metaspace       used 70530K, committed 72064K, reserved 1114112K
  class space    used 7322K, committed 8000K, reserved 1048576K
}
Event: 45.391 GC heap before
{Heap before GC invocations=246 (full 3):
 PSYoungGen      total 12288K, used 11936K [0x00000000d5580000, 0x00000000d6480000, 0x0000000100000000)
  eden space 11264K, 100% used [0x00000000d5580000,0x00000000d6080000,0x00000000d6080000)
  from space 1024K, 65% used [0x00000000d6380000,0x00000000d6428000,0x00000000d6480000)
  to   space 1024K, 0% used [0x00000000d6280000,0x00000000d6280000,0x00000000d6380000)
 ParOldGen       total 179712K, used 179643K [0x0000000080000000, 0x000000008af80000, 0x00000000d5580000)
  object space 179712K, 99% used [0x0000000080000000,0x000000008af6ed80,0x000000008af80000)
 Metaspace       used 70876K, committed 72512K, reserved 1114112K
  class space    used 7377K, committed 8064K, reserved 1048576K
}
Event: 45.394 GC heap after
{Heap after GC invocations=246 (full 3):
 PSYoungGen      total 12288K, used 1024K [0x00000000d5580000, 0x00000000d6580000, 0x0000000100000000)
  eden space 11264K, 0% used [0x00000000d5580000,0x00000000d5580000,0x00000000d6080000)
  from space 1024K, 100% used [0x00000000d6280000,0x00000000d6380000,0x00000000d6380000)
  to   space 2048K, 0% used [0x00000000d6380000,0x00000000d6380000,0x00000000d6580000)
 ParOldGen       total 180736K, used 180479K [0x0000000080000000, 0x000000008b080000, 0x00000000d5580000)
  object space 180736K, 99% used [0x0000000080000000,0x000000008b03fd90,0x000000008b080000)
 Metaspace       used 70876K, committed 72512K, reserved 1114112K
  class space    used 7377K, committed 8064K, reserved 1048576K
}
Event: 45.797 GC heap before
{Heap before GC invocations=247 (full 3):
 PSYoungGen      total 12288K, used 12288K [0x00000000d5580000, 0x00000000d6580000, 0x0000000100000000)
  eden space 11264K, 100% used [0x00000000d5580000,0x00000000d6080000,0x00000000d6080000)
  from space 1024K, 100% used [0x00000000d6280000,0x00000000d6380000,0x00000000d6380000)
  to   space 2048K, 0% used [0x00000000d6380000,0x00000000d6380000,0x00000000d6580000)
 ParOldGen       total 180736K, used 180479K [0x0000000080000000, 0x000000008b080000, 0x00000000d5580000)
  object space 180736K, 99% used [0x0000000080000000,0x000000008b03fd90,0x000000008b080000)
 Metaspace       used 70951K, committed 72576K, reserved 1114112K
  class space    used 7386K, committed 8064K, reserved 1048576K
}
Event: 45.802 GC heap after
{Heap after GC invocations=247 (full 3):
 PSYoungGen      total 12288K, used 928K [0x00000000d5580000, 0x00000000d6480000, 0x0000000100000000)
  eden space 11264K, 0% used [0x00000000d5580000,0x00000000d5580000,0x00000000d6080000)
  from space 1024K, 90% used [0x00000000d6380000,0x00000000d6468000,0x00000000d6480000)
  to   space 1536K, 0% used [0x00000000d6180000,0x00000000d6180000,0x00000000d6300000)
 ParOldGen       total 181248K, used 181163K [0x0000000080000000, 0x000000008b100000, 0x00000000d5580000)
  object space 181248K, 99% used [0x0000000080000000,0x000000008b0eada0,0x000000008b100000)
 Metaspace       used 70951K, committed 72576K, reserved 1114112K
  class space    used 7386K, committed 8064K, reserved 1048576K
}

