# JRE version: Java(TM) SE Runtime Environment (22.0.2+9) (build 22.0.2+9-70)
# Java VM: Java HotSpot(TM) 64-Bit Server VM (22.0.2+9-70, mixed mode, sharing, tiered, compressed oops, compressed class ptrs, g1 gc, windows-amd64)
GC Precious Log:
 CardTable entry size: 512
 Card Set container configuration: InlinePtr #cards 4 size 8 Array Of Cards #cards 16 size 48 Howl #buckets 8 coarsen threshold 3686 Howl Bitmap #cards 512 size 80 coarsen threshold 460 Card regions per heap region 1 cards per card region 4096
 CPUs: 12 total, 12 available
 Memory: 11995M
 Large Page Support: Disabled
 NUMA Support: Disabled
 Compressed Oops: Enabled (Zero based)
 Heap Region Size: 2M
 Heap Min Capacity: 8M
 Heap Initial Capacity: 188M
 Heap Max Capacity: 3000M
 Pre-touch: Disabled
 Parallel Workers: 10
 Concurrent Workers: 3
 Concurrent Refinement Workers: 10
 Periodic GC: Disabled
Heap:
 garbage-first heap   total reserved 3072000K, committed 79872K, used 59261K [0x0000000744800000, 0x0000000800000000)
  region size 2048K, 14 young (28672K), 3 survivors (6144K)
 Metaspace       used 93767K, committed 94528K, reserved 1179648K
  class space    used 12965K, committed 13312K, reserved 1048576K
GC Heap History (20 events):
Event: 4.868 GC heap before
{Heap before GC invocations=6 (full 0):
 garbage-first heap   total reserved 3072000K, committed 65536K, used 42294K [0x0000000744800000, 0x0000000800000000)
  region size 2048K, 15 young (30720K), 3 survivors (6144K)
 Metaspace       used 35564K, committed 36096K, reserved 1114112K
  class space    used 4734K, committed 4992K, reserved 1048576K
}
Event: 4.877 GC heap after
{Heap after GC invocations=7 (full 0):
 garbage-first heap   total reserved 3072000K, committed 65536K, used 22760K [0x0000000744800000, 0x0000000800000000)
  region size 2048K, 3 young (6144K), 3 survivors (6144K)
 Metaspace       used 35564K, committed 36096K, reserved 1114112K
  class space    used 4734K, committed 4992K, reserved 1048576K
}
Event: 5.735 GC heap before
{Heap before GC invocations=8 (full 0):
 garbage-first heap   total reserved 3072000K, committed 65536K, used 51432K [0x0000000744800000, 0x0000000800000000)
  region size 2048K, 17 young (34816K), 3 survivors (6144K)
 Metaspace       used 41139K, committed 41728K, reserved 1114112K
  class space    used 5435K, committed 5696K, reserved 1048576K
}
Event: 5.742 GC heap after
{Heap after GC invocations=9 (full 0):
 garbage-first heap   total reserved 3072000K, committed 65536K, used 24675K [0x0000000744800000, 0x0000000800000000)
  region size 2048K, 3 young (6144K), 3 survivors (6144K)
 Metaspace       used 41139K, committed 41728K, reserved 1114112K
  class space    used 5435K, committed 5696K, reserved 1048576K
}
Event: 6.406 GC heap before
{Heap before GC invocations=9 (full 0):
 garbage-first heap   total reserved 3072000K, committed 65536K, used 51299K [0x0000000744800000, 0x0000000800000000)
  region size 2048K, 16 young (32768K), 3 survivors (6144K)
 Metaspace       used 46778K, committed 47424K, reserved 1114112K
  class space    used 6542K, committed 6848K, reserved 1048576K
}
Event: 6.414 GC heap after
{Heap after GC invocations=10 (full 0):
 garbage-first heap   total reserved 3072000K, committed 65536K, used 26592K [0x0000000744800000, 0x0000000800000000)
  region size 2048K, 2 young (4096K), 2 survivors (4096K)
 Metaspace       used 46778K, committed 47424K, reserved 1114112K
  class space    used 6542K, committed 6848K, reserved 1048576K
}
Event: 7.301 GC heap before
{Heap before GC invocations=10 (full 0):
 garbage-first heap   total reserved 3072000K, committed 65536K, used 55264K [0x0000000744800000, 0x0000000800000000)
  region size 2048K, 16 young (32768K), 2 survivors (4096K)
 Metaspace       used 54995K, committed 55552K, reserved 1114112K
  class space    used 7501K, committed 7744K, reserved 1048576K
}
Event: 7.308 GC heap after
{Heap after GC invocations=11 (full 0):
 garbage-first heap   total reserved 3072000K, committed 79872K, used 28431K [0x0000000744800000, 0x0000000800000000)
  region size 2048K, 2 young (4096K), 2 survivors (4096K)
 Metaspace       used 54995K, committed 55552K, reserved 1114112K
  class space    used 7501K, committed 7744K, reserved 1048576K
}
Event: 7.721 GC heap before
{Heap before GC invocations=11 (full 0):
 garbage-first heap   total reserved 3072000K, committed 79872K, used 46863K [0x0000000744800000, 0x0000000800000000)
  region size 2048K, 13 young (26624K), 2 survivors (4096K)
 Metaspace       used 59679K, committed 60288K, reserved 1114112K
  class space    used 8099K, committed 8384K, reserved 1048576K
}
Event: 7.727 GC heap after
{Heap after GC invocations=12 (full 0):
 garbage-first heap   total reserved 3072000K, committed 79872K, used 29605K [0x0000000744800000, 0x0000000800000000)
  region size 2048K, 2 young (4096K), 2 survivors (4096K)
 Metaspace       used 59679K, committed 60288K, reserved 1114112K
  class space    used 8099K, committed 8384K, reserved 1048576K
}
Event: 8.706 GC heap before
{Heap before GC invocations=13 (full 0):
 garbage-first heap   total reserved 3072000K, committed 79872K, used 66469K [0x0000000744800000, 0x0000000800000000)
  region size 2048K, 20 young (40960K), 2 survivors (4096K)
 Metaspace       used 69174K, committed 69824K, reserved 1114112K
  class space    used 9699K, committed 9984K, reserved 1048576K
}
Event: 8.710 GC heap after
{Heap after GC invocations=14 (full 0):
 garbage-first heap   total reserved 3072000K, committed 79872K, used 30759K [0x0000000744800000, 0x0000000800000000)
  region size 2048K, 2 young (4096K), 2 survivors (4096K)
 Metaspace       used 69174K, committed 69824K, reserved 1114112K
  class space    used 9699K, committed 9984K, reserved 1048576K
}
Event: 9.772 GC heap before
{Heap before GC invocations=14 (full 0):
 garbage-first heap   total reserved 3072000K, committed 79872K, used 67623K [0x0000000744800000, 0x0000000800000000)
  region size 2048K, 20 young (40960K), 2 survivors (4096K)
 Metaspace       used 74407K, committed 75072K, reserved 1114112K
  class space    used 10374K, committed 10688K, reserved 1048576K
}
Event: 9.778 GC heap after
{Heap after GC invocations=15 (full 0):
 garbage-first heap   total reserved 3072000K, committed 79872K, used 32660K [0x0000000744800000, 0x0000000800000000)
  region size 2048K, 3 young (6144K), 3 survivors (6144K)
 Metaspace       used 74407K, committed 75072K, reserved 1114112K
  class space    used 10374K, committed 10688K, reserved 1048576K
}
Event: 10.504 GC heap before
{Heap before GC invocations=15 (full 0):
 garbage-first heap   total reserved 3072000K, committed 79872K, used 65428K [0x0000000744800000, 0x0000000800000000)
  region size 2048K, 19 young (38912K), 3 survivors (6144K)
 Metaspace       used 79699K, committed 80448K, reserved 1179648K
  class space    used 11096K, committed 11456K, reserved 1048576K
}
Event: 10.509 GC heap after
{Heap after GC invocations=16 (full 0):
 garbage-first heap   total reserved 3072000K, committed 79872K, used 34963K [0x0000000744800000, 0x0000000800000000)
  region size 2048K, 3 young (6144K), 3 survivors (6144K)
 Metaspace       used 79699K, committed 80448K, reserved 1179648K
  class space    used 11096K, committed 11456K, reserved 1048576K
}
Event: 11.154 GC heap before
{Heap before GC invocations=16 (full 0):
 garbage-first heap   total reserved 3072000K, committed 79872K, used 65683K [0x0000000744800000, 0x0000000800000000)
  region size 2048K, 18 young (36864K), 3 survivors (6144K)
 Metaspace       used 82979K, committed 83776K, reserved 1179648K
  class space    used 11515K, committed 11904K, reserved 1048576K
}
Event: 11.159 GC heap after
{Heap after GC invocations=17 (full 0):
 garbage-first heap   total reserved 3072000K, committed 79872K, used 37622K [0x0000000744800000, 0x0000000800000000)
  region size 2048K, 3 young (6144K), 3 survivors (6144K)
 Metaspace       used 82979K, committed 83776K, reserved 1179648K
  class space    used 11515K, committed 11904K, reserved 1048576K
}
Event: 20.785 GC heap before
{Heap before GC invocations=18 (full 0):
 garbage-first heap   total reserved 3072000K, committed 79872K, used 66294K [0x0000000744800000, 0x0000000800000000)
  region size 2048K, 17 young (34816K), 3 survivors (6144K)
 Metaspace       used 87898K, committed 88640K, reserved 1179648K
  class space    used 12255K, committed 12608K, reserved 1048576K
}
Event: 20.813 GC heap after
{Heap after GC invocations=19 (full 0):
 garbage-first heap   total reserved 3072000K, committed 79872K, used 40829K [0x0000000744800000, 0x0000000800000000)
  region size 2048K, 3 young (6144K), 3 survivors (6144K)
 Metaspace       used 87898K, committed 88640K, reserved 1179648K
  class space    used 12255K, committed 12608K, reserved 1048576K
}

